<?xml version="1.0" encoding="UTF-8"?>
<!-- Generated by org.testng.reporters.JUnitXMLReporter -->
<testsuite hostname="ibi115" ignored="17" name="Test" tests="44" failures="8" timestamp="02 Apr 2019 12:48:52 GMT" time="7364.964" errors="0">
  <testcase name="ForgotPasswordAndUserRegistratation" time="61.879" classname="TestScripts.Login"/>
  <testcase name="CreateRequestSaveToDraft" time="120.052" classname="TestScripts.CreateRequest"/>
  <testcase name="RequestApprovalProcessWithSingleSigner" time="192.021" classname="TestScripts.CreateRequest"/>
  <testcase name="RequestApprovalProcessWithMultipleSigners" time="240.765" classname="TestScripts.CreateRequest">
    <failure type="java.lang.AssertionError" message="expected [true] but found [false]">
      <![CDATA[java.lang.AssertionError: expected [true] but found [false]
at FrameworkLibrary.ReportLibrary.reportEvent(ReportLibrary.java:90)
at ApplicationPages.HomePage.clickonNeedToSign(HomePage.java:274)
at TestScripts.CreateRequest.RequestApprovalProcessWithMultipleSigners(CreateRequest.java:333)
... Removed 31 stack frames]]>
    </failure>
  </testcase> <!-- RequestApprovalProcessWithMultipleSigners -->
  <testcase name="RequestApprovalProcessWithMultipleDocuments" time="183.575" classname="TestScripts.CreateRequest"/>
  <testcase name="RequestApprovalProcessWithSupportingDocuments" time="124.721" classname="TestScripts.CreateRequest"/>
  <testcase name="RequestAttachmentRequiredAtTheTimeOfApproval" time="173.871" classname="TestScripts.CreateRequest"/>
  <testcase name="TemplateCreationActivationAndRequestCreationApprovalProcess" time="272.081" classname="TestScripts.CreateRequest"/>
  <testcase name="GroupRequestApprovalProcess" time="247.276" classname="TestScripts.CreateRequest"/>
  <testcase name="InPersonRequestCreation" time="131.686" classname="TestScripts.CreateRequest"/>
  <testcase name="GroupRequestApprovalProcessbyUploadingSignersFile" time="235.733" classname="TestScripts.CreateRequest"/>
  <testcase name="ToVerifyAllActionsInWaitingForOthers" time="435.122" classname="TestScripts.Dashboard"/>
  <testcase name="ToVerifyAllActionsInNeedToVerify" time="417.426" classname="TestScripts.Dashboard"/>
  <testcase name="ToVerifyAllActionsInMySignedItems" time="291.536" classname="TestScripts.Dashboard"/>
  <testcase name="ToVerifyAllActionsInArchivedItems" time="309.03" classname="TestScripts.Dashboard"/>
  <testcase name="ToVerifyAllActionsOfInPersonSigning" time="214.576" classname="TestScripts.Dashboard"/>
  <testcase name="RequestEditUpdateSendLater" time="218.814" classname="TestScripts.Requests">
    <failure type="org.openqa.selenium.NoSuchElementException" message="no such element: Unable to locate element: {&amp;quot;method&amp;quot;:&amp;quot;xpath&amp;quot;,&amp;quot;selector&amp;quot;:&amp;quot;//div[@class=&amp;apos;mainhead&amp;apos;]/div[1]/span[contains(text(),&amp;apos;All  Requests&amp;apos;)]&amp;quot;}
  (Session info: chrome=73.0.3683.86)
  (Driver info: chromedriver=2.41.578737 (49da6702b16031c40d63e5618de03a32ff6c197e),platform=Windows NT 6.3.9600 x86) (WARNING: The server did not provide any stacktrace information)
Command duration or timeout: 0 milliseconds
For documentation on this error, please visit: http://seleniumhq.org/exceptions/no_such_element.html
Build info: version: &amp;apos;3.14.0&amp;apos;, revision: &amp;apos;aacccce0&amp;apos;, time: &amp;apos;2018-08-02T20:19:58.91Z&amp;apos;
System info: host: &amp;apos;IBI115&amp;apos;, ip: &amp;apos;192.168.0.115&amp;apos;, os.name: &amp;apos;Windows 8.1&amp;apos;, os.arch: &amp;apos;x86&amp;apos;, os.version: &amp;apos;6.3&amp;apos;, java.version: &amp;apos;1.8.0_121&amp;apos;
Driver info: org.openqa.selenium.chrome.ChromeDriver
Capabilities {acceptInsecureCerts: false, acceptSslCerts: false, applicationCacheEnabled: false, browserConnectionEnabled: false, browserName: chrome, chrome: {chromedriverVersion: 2.41.578737 (49da6702b16031..., userDataDir: C:\Users\SHRAVA~1\AppData\L...}, cssSelectorsEnabled: true, databaseEnabled: false, goog:chromeOptions: {debuggerAddress: localhost:62518}, handlesAlerts: true, hasTouchScreen: false, javascriptEnabled: true, locationContextEnabled: true, mobileEmulationEnabled: false, nativeEvents: true, networkConnectionEnabled: false, pageLoadStrategy: normal, platform: XP, platformName: XP, rotatable: false, setWindowRect: true, takesHeapSnapshot: true, takesScreenshot: true, unexpectedAlertBehaviour: , unhandledPromptBehavior: , version: 73.0.3683.86, webStorageEnabled: true}
Session ID: e78d80de2ceabf4ad721c14cbfdd81d1
*** Element info: {Using=xpath, value=//div[@class=&amp;apos;mainhead&amp;apos;]/div[1]/span[contains(text(),&amp;apos;All  Requests&amp;apos;)]}">
      <![CDATA[org.openqa.selenium.NoSuchElementException: no such element: Unable to locate element: {"method":"xpath","selector":"//div[@class='mainhead']/div[1]/span[contains(text(),'All  Requests')]"}
  (Session info: chrome=73.0.3683.86)
  (Driver info: chromedriver=2.41.578737 (49da6702b16031c40d63e5618de03a32ff6c197e),platform=Windows NT 6.3.9600 x86) (WARNING: The server did not provide any stacktrace information)
Command duration or timeout: 0 milliseconds
For documentation on this error, please visit: http://seleniumhq.org/exceptions/no_such_element.html
Build info: version: '3.14.0', revision: 'aacccce0', time: '2018-08-02T20:19:58.91Z'
System info: host: 'IBI115', ip: '192.168.0.115', os.name: 'Windows 8.1', os.arch: 'x86', os.version: '6.3', java.version: '1.8.0_121'
Driver info: org.openqa.selenium.chrome.ChromeDriver
Capabilities {acceptInsecureCerts: false, acceptSslCerts: false, applicationCacheEnabled: false, browserConnectionEnabled: false, browserName: chrome, chrome: {chromedriverVersion: 2.41.578737 (49da6702b16031..., userDataDir: C:\Users\SHRAVA~1\AppData\L...}, cssSelectorsEnabled: true, databaseEnabled: false, goog:chromeOptions: {debuggerAddress: localhost:62518}, handlesAlerts: true, hasTouchScreen: false, javascriptEnabled: true, locationContextEnabled: true, mobileEmulationEnabled: false, nativeEvents: true, networkConnectionEnabled: false, pageLoadStrategy: normal, platform: XP, platformName: XP, rotatable: false, setWindowRect: true, takesHeapSnapshot: true, takesScreenshot: true, unexpectedAlertBehaviour: , unhandledPromptBehavior: , version: 73.0.3683.86, webStorageEnabled: true}
Session ID: e78d80de2ceabf4ad721c14cbfdd81d1
*** Element info: {Using=xpath, value=//div[@class='mainhead']/div[1]/span[contains(text(),'All  Requests')]}
at org.openqa.selenium.remote.ErrorHandler.createThrowable(ErrorHandler.java:214)
at org.openqa.selenium.remote.ErrorHandler.throwIfResponseFailed(ErrorHandler.java:166)
at org.openqa.selenium.remote.http.JsonHttpResponseCodec.reconstructValue(JsonHttpResponseCodec.java:40)
at org.openqa.selenium.remote.http.AbstractHttpResponseCodec.decode(AbstractHttpResponseCodec.java:80)
at org.openqa.selenium.remote.http.AbstractHttpResponseCodec.decode(AbstractHttpResponseCodec.java:44)
at org.openqa.selenium.remote.HttpCommandExecutor.execute(HttpCommandExecutor.java:158)
at org.openqa.selenium.remote.service.DriverCommandExecutor.execute(DriverCommandExecutor.java:83)
at org.openqa.selenium.remote.RemoteWebDriver.execute(RemoteWebDriver.java:548)
at org.openqa.selenium.remote.RemoteWebDriver.findElement(RemoteWebDriver.java:322)
at org.openqa.selenium.remote.RemoteWebDriver.findElementByXPath(RemoteWebDriver.java:424)
at org.openqa.selenium.By$ByXPath.findElement(By.java:353)
at org.openqa.selenium.remote.RemoteWebDriver.findElement(RemoteWebDriver.java:314)
at org.openqa.selenium.support.pagefactory.DefaultElementLocator.findElement(DefaultElementLocator.java:69)
at org.openqa.selenium.support.pagefactory.internal.LocatingElementHandler.invoke(LocatingElementHandler.java:38)
at com.sun.proxy.$Proxy12.isDisplayed(Unknown Source)
at TestScripts.Requests.RequestEditUpdateSendLater(Requests.java:114)
... Removed 29 stack frames]]>
    </failure>
  </testcase> <!-- RequestEditUpdateSendLater -->
  <testcase name="RemoveReplaceVoidBypassSigner" time="182.128" classname="TestScripts.Requests"/>
  <testcase name="EditRequestAddCustomFieldsUpdatePrivileges" time="109.896" classname="TestScripts.Requests">
    <failure type="org.openqa.selenium.NoSuchElementException" message="no such element: Unable to locate element: {&amp;quot;method&amp;quot;:&amp;quot;xpath&amp;quot;,&amp;quot;selector&amp;quot;:&amp;quot;//table/tbody/tr/td[2][contains(text(),&amp;apos;Leave Type&amp;apos;)]/following-sibling::td[6]/a[1]&amp;quot;}
  (Session info: chrome=73.0.3683.86)
  (Driver info: chromedriver=2.41.578737 (49da6702b16031c40d63e5618de03a32ff6c197e),platform=Windows NT 6.3.9600 x86) (WARNING: The server did not provide any stacktrace information)
Command duration or timeout: 0 milliseconds
For documentation on this error, please visit: http://seleniumhq.org/exceptions/no_such_element.html
Build info: version: &amp;apos;3.14.0&amp;apos;, revision: &amp;apos;aacccce0&amp;apos;, time: &amp;apos;2018-08-02T20:19:58.91Z&amp;apos;
System info: host: &amp;apos;IBI115&amp;apos;, ip: &amp;apos;192.168.0.115&amp;apos;, os.name: &amp;apos;Windows 8.1&amp;apos;, os.arch: &amp;apos;x86&amp;apos;, os.version: &amp;apos;6.3&amp;apos;, java.version: &amp;apos;1.8.0_121&amp;apos;
Driver info: org.openqa.selenium.chrome.ChromeDriver
Capabilities {acceptInsecureCerts: false, acceptSslCerts: false, applicationCacheEnabled: false, browserConnectionEnabled: false, browserName: chrome, chrome: {chromedriverVersion: 2.41.578737 (49da6702b16031..., userDataDir: C:\Users\SHRAVA~1\AppData\L...}, cssSelectorsEnabled: true, databaseEnabled: false, goog:chromeOptions: {debuggerAddress: localhost:63000}, handlesAlerts: true, hasTouchScreen: false, javascriptEnabled: true, locationContextEnabled: true, mobileEmulationEnabled: false, nativeEvents: true, networkConnectionEnabled: false, pageLoadStrategy: normal, platform: XP, platformName: XP, rotatable: false, setWindowRect: true, takesHeapSnapshot: true, takesScreenshot: true, unexpectedAlertBehaviour: , unhandledPromptBehavior: , version: 73.0.3683.86, webStorageEnabled: true}
Session ID: 6d723391c7f5b0c4e3e67026e7543c00
*** Element info: {Using=xpath, value=//table/tbody/tr/td[2][contains(text(),&amp;apos;Leave Type&amp;apos;)]/following-sibling::td[6]/a[1]}">
      <![CDATA[org.openqa.selenium.NoSuchElementException: no such element: Unable to locate element: {"method":"xpath","selector":"//table/tbody/tr/td[2][contains(text(),'Leave Type')]/following-sibling::td[6]/a[1]"}
  (Session info: chrome=73.0.3683.86)
  (Driver info: chromedriver=2.41.578737 (49da6702b16031c40d63e5618de03a32ff6c197e),platform=Windows NT 6.3.9600 x86) (WARNING: The server did not provide any stacktrace information)
Command duration or timeout: 0 milliseconds
For documentation on this error, please visit: http://seleniumhq.org/exceptions/no_such_element.html
Build info: version: '3.14.0', revision: 'aacccce0', time: '2018-08-02T20:19:58.91Z'
System info: host: 'IBI115', ip: '192.168.0.115', os.name: 'Windows 8.1', os.arch: 'x86', os.version: '6.3', java.version: '1.8.0_121'
Driver info: org.openqa.selenium.chrome.ChromeDriver
Capabilities {acceptInsecureCerts: false, acceptSslCerts: false, applicationCacheEnabled: false, browserConnectionEnabled: false, browserName: chrome, chrome: {chromedriverVersion: 2.41.578737 (49da6702b16031..., userDataDir: C:\Users\SHRAVA~1\AppData\L...}, cssSelectorsEnabled: true, databaseEnabled: false, goog:chromeOptions: {debuggerAddress: localhost:63000}, handlesAlerts: true, hasTouchScreen: false, javascriptEnabled: true, locationContextEnabled: true, mobileEmulationEnabled: false, nativeEvents: true, networkConnectionEnabled: false, pageLoadStrategy: normal, platform: XP, platformName: XP, rotatable: false, setWindowRect: true, takesHeapSnapshot: true, takesScreenshot: true, unexpectedAlertBehaviour: , unhandledPromptBehavior: , version: 73.0.3683.86, webStorageEnabled: true}
Session ID: 6d723391c7f5b0c4e3e67026e7543c00
*** Element info: {Using=xpath, value=//table/tbody/tr/td[2][contains(text(),'Leave Type')]/following-sibling::td[6]/a[1]}
at org.openqa.selenium.remote.ErrorHandler.createThrowable(ErrorHandler.java:214)
at org.openqa.selenium.remote.ErrorHandler.throwIfResponseFailed(ErrorHandler.java:166)
at org.openqa.selenium.remote.http.JsonHttpResponseCodec.reconstructValue(JsonHttpResponseCodec.java:40)
at org.openqa.selenium.remote.http.AbstractHttpResponseCodec.decode(AbstractHttpResponseCodec.java:80)
at org.openqa.selenium.remote.http.AbstractHttpResponseCodec.decode(AbstractHttpResponseCodec.java:44)
at org.openqa.selenium.remote.HttpCommandExecutor.execute(HttpCommandExecutor.java:158)
at org.openqa.selenium.remote.service.DriverCommandExecutor.execute(DriverCommandExecutor.java:83)
at org.openqa.selenium.remote.RemoteWebDriver.execute(RemoteWebDriver.java:548)
at org.openqa.selenium.remote.RemoteWebDriver.findElement(RemoteWebDriver.java:322)
at org.openqa.selenium.remote.RemoteWebDriver.findElementByXPath(RemoteWebDriver.java:424)
at org.openqa.selenium.By$ByXPath.findElement(By.java:353)
at org.openqa.selenium.remote.RemoteWebDriver.findElement(RemoteWebDriver.java:314)
at TestScripts.Requests.EditRequestAddCustomFieldsUpdatePrivileges(Requests.java:782)
... Removed 29 stack frames]]>
    </failure>
  </testcase> <!-- EditRequestAddCustomFieldsUpdatePrivileges -->
  <testcase name="EditUpdateActivateDeactivateDeleteTemplate" time="101.2" classname="TestScripts.Templates"/>
  <testcase name="ActivateDeactivateArchiveCopyDeleteTemplate" time="68.592" classname="TestScripts.Templates">
    <failure type="java.lang.AssertionError" message="expected [true] but found [false]">
      <![CDATA[java.lang.AssertionError: expected [true] but found [false]
at FrameworkLibrary.ReportLibrary.reportEvent(ReportLibrary.java:90)
at ApplicationPages.HomePage.clickonTemplatesMenu(HomePage.java:190)
at TestScripts.Templates.ActivateDeactivateArchiveCopyDeleteTemplate(Templates.java:157)
... Removed 31 stack frames]]>
    </failure>
  </testcase> <!-- ActivateDeactivateArchiveCopyDeleteTemplate -->
  <testcase name="PrintAndDownloadTemplateDocument" time="103.878" classname="TestScripts.Templates"/>
  <testcase name="AllActionInMetricsReport" time="98.421" classname="TestScripts.Reports">
    <failure type="java.lang.AssertionError" message="expected [true] but found [false]">
      <![CDATA[java.lang.AssertionError: expected [true] but found [false]
at FrameworkLibrary.ReportLibrary.reportEvent(ReportLibrary.java:105)
at ApplicationPages.ReportsPage.clickonEditIcon(ReportsPage.java:177)
at TestScripts.Reports.AllActionInMetricsReport(Reports.java:50)
... Removed 31 stack frames]]>
    </failure>
  </testcase> <!-- AllActionInMetricsReport -->
  <testcase name="AllActionInDetailedReport" time="151.712" classname="TestScripts.Reports"/>
  <testcase name="AllActionInSignerReport" time="80.778" classname="TestScripts.Reports"/>
  <testcase name="AllActionInCustomFieldReport" time="46.738" classname="TestScripts.Reports"/>
  <testcase name="AllActionsOfCompanyModule" time="142.129" classname="TestScripts.SuperAdmin"/>
  <testcase name="AllActionsOfUserAndCustomizeModule" time="199.912" classname="TestScripts.SuperAdmin"/>
  <testcase name="UserRegistration" time="33.224" classname="TestScripts.SuperAdmin"/>
  <testcase name="ToUpdatePersonalInformation" time="65.662" classname="TestScripts.MyPreferences"/>
  <testcase name="ToVerifyChangePassword" time="31.721" classname="TestScripts.MyPreferences"/>
  <testcase name="ToVerifySignaturefunctionality" time="53.054" classname="TestScripts.MyPreferences"/>
  <testcase name="ToVerifyIntialfunctionality" time="44.137" classname="TestScripts.MyPreferences"/>
  <testcase name="ToVerifyAddressBook" time="54.642" classname="TestScripts.MyPreferences"/>
  <testcase name="ToVerifyReceivedItems" time="144.206" classname="TestScripts.MyPreferences"/>
  <testcase name="CompanyDetailsUpdation" time="195.595" classname="TestScripts.Admin"/>
  <testcase name="CompanyDetailsActivation" time="192.147" classname="TestScripts.Admin"/>
  <testcase name="AdminCreationAndUpdation" time="158.378" classname="TestScripts.Admin">
    <failure type="org.openqa.selenium.NoSuchElementException" message="no such element: Unable to locate element: {&amp;quot;method&amp;quot;:&amp;quot;xpath&amp;quot;,&amp;quot;selector&amp;quot;:&amp;quot;//table/tbody/tr/td[2]/div[contains(text(),&amp;apos;admincreation6@automation.com&amp;apos;)]&amp;quot;}
  (Session info: chrome=73.0.3683.86)
  (Driver info: chromedriver=2.41.578737 (49da6702b16031c40d63e5618de03a32ff6c197e),platform=Windows NT 6.3.9600 x86) (WARNING: The server did not provide any stacktrace information)
Command duration or timeout: 0 milliseconds
For documentation on this error, please visit: http://seleniumhq.org/exceptions/no_such_element.html
Build info: version: &amp;apos;3.14.0&amp;apos;, revision: &amp;apos;aacccce0&amp;apos;, time: &amp;apos;2018-08-02T20:19:58.91Z&amp;apos;
System info: host: &amp;apos;IBI115&amp;apos;, ip: &amp;apos;192.168.0.115&amp;apos;, os.name: &amp;apos;Windows 8.1&amp;apos;, os.arch: &amp;apos;x86&amp;apos;, os.version: &amp;apos;6.3&amp;apos;, java.version: &amp;apos;1.8.0_121&amp;apos;
Driver info: org.openqa.selenium.chrome.ChromeDriver
Capabilities {acceptInsecureCerts: false, acceptSslCerts: false, applicationCacheEnabled: false, browserConnectionEnabled: false, browserName: chrome, chrome: {chromedriverVersion: 2.41.578737 (49da6702b16031..., userDataDir: C:\Users\SHRAVA~1\AppData\L...}, cssSelectorsEnabled: true, databaseEnabled: false, goog:chromeOptions: {debuggerAddress: localhost:49349}, handlesAlerts: true, hasTouchScreen: false, javascriptEnabled: true, locationContextEnabled: true, mobileEmulationEnabled: false, nativeEvents: true, networkConnectionEnabled: false, pageLoadStrategy: normal, platform: XP, platformName: XP, rotatable: false, setWindowRect: true, takesHeapSnapshot: true, takesScreenshot: true, unexpectedAlertBehaviour: , unhandledPromptBehavior: , version: 73.0.3683.86, webStorageEnabled: true}
Session ID: e267dc3ee28e9e7f9b690a1cc7c00dbb
*** Element info: {Using=xpath, value=//table/tbody/tr/td[2]/div[contains(text(),&amp;apos;admincreation6@automation.com&amp;apos;)]}">
      <![CDATA[org.openqa.selenium.NoSuchElementException: no such element: Unable to locate element: {"method":"xpath","selector":"//table/tbody/tr/td[2]/div[contains(text(),'admincreation6@automation.com')]"}
  (Session info: chrome=73.0.3683.86)
  (Driver info: chromedriver=2.41.578737 (49da6702b16031c40d63e5618de03a32ff6c197e),platform=Windows NT 6.3.9600 x86) (WARNING: The server did not provide any stacktrace information)
Command duration or timeout: 0 milliseconds
For documentation on this error, please visit: http://seleniumhq.org/exceptions/no_such_element.html
Build info: version: '3.14.0', revision: 'aacccce0', time: '2018-08-02T20:19:58.91Z'
System info: host: 'IBI115', ip: '192.168.0.115', os.name: 'Windows 8.1', os.arch: 'x86', os.version: '6.3', java.version: '1.8.0_121'
Driver info: org.openqa.selenium.chrome.ChromeDriver
Capabilities {acceptInsecureCerts: false, acceptSslCerts: false, applicationCacheEnabled: false, browserConnectionEnabled: false, browserName: chrome, chrome: {chromedriverVersion: 2.41.578737 (49da6702b16031..., userDataDir: C:\Users\SHRAVA~1\AppData\L...}, cssSelectorsEnabled: true, databaseEnabled: false, goog:chromeOptions: {debuggerAddress: localhost:49349}, handlesAlerts: true, hasTouchScreen: false, javascriptEnabled: true, locationContextEnabled: true, mobileEmulationEnabled: false, nativeEvents: true, networkConnectionEnabled: false, pageLoadStrategy: normal, platform: XP, platformName: XP, rotatable: false, setWindowRect: true, takesHeapSnapshot: true, takesScreenshot: true, unexpectedAlertBehaviour: , unhandledPromptBehavior: , version: 73.0.3683.86, webStorageEnabled: true}
Session ID: e267dc3ee28e9e7f9b690a1cc7c00dbb
*** Element info: {Using=xpath, value=//table/tbody/tr/td[2]/div[contains(text(),'admincreation6@automation.com')]}
at org.openqa.selenium.remote.ErrorHandler.createThrowable(ErrorHandler.java:214)
at org.openqa.selenium.remote.ErrorHandler.throwIfResponseFailed(ErrorHandler.java:166)
at org.openqa.selenium.remote.http.JsonHttpResponseCodec.reconstructValue(JsonHttpResponseCodec.java:40)
at org.openqa.selenium.remote.http.AbstractHttpResponseCodec.decode(AbstractHttpResponseCodec.java:80)
at org.openqa.selenium.remote.http.AbstractHttpResponseCodec.decode(AbstractHttpResponseCodec.java:44)
at org.openqa.selenium.remote.HttpCommandExecutor.execute(HttpCommandExecutor.java:158)
at org.openqa.selenium.remote.service.DriverCommandExecutor.execute(DriverCommandExecutor.java:83)
at org.openqa.selenium.remote.RemoteWebDriver.execute(RemoteWebDriver.java:548)
at org.openqa.selenium.remote.RemoteWebDriver.findElement(RemoteWebDriver.java:322)
at org.openqa.selenium.remote.RemoteWebDriver.findElementByXPath(RemoteWebDriver.java:424)
at org.openqa.selenium.By$ByXPath.findElement(By.java:353)
at org.openqa.selenium.remote.RemoteWebDriver.findElement(RemoteWebDriver.java:314)
at TestScripts.Admin.AdminCreationAndUpdation(Admin.java:211)
... Removed 29 stack frames]]>
    </failure>
  </testcase> <!-- AdminCreationAndUpdation -->
  <testcase name="AllActionsOfLogoCompanySearchAndManagePassword" time="53.739" classname="TestScripts.Admin">
    <failure type="java.lang.AssertionError" message="expected [true] but found [false]">
      <![CDATA[java.lang.AssertionError: expected [true] but found [false]
at FrameworkLibrary.ReportLibrary.reportEvent(ReportLibrary.java:105)
at ApplicationPages.SACompanyPage.clickonAcceptBtn(SACompanyPage.java:317)
at TestScripts.Admin.AllActionsOfLogoCompanySearchAndManagePassword(Admin.java:256)
... Removed 31 stack frames]]>
    </failure>
  </testcase> <!-- AllActionsOfLogoCompanySearchAndManagePassword -->
  <testcase name="ExportAdmin" time="94.448" classname="TestScripts.Admin"/>
  <testcase name="GroupCreationScenarios" time="59.478" classname="TestScripts.Admin"/>
  <testcase name="GroupUpdationActivateDeactivate" time="48.755" classname="TestScripts.Admin"/>
  <testcase name="GroupMembersUpdationActivateDeactivate" time="50.204" classname="TestScripts.Admin"/>
  <testcase name="ToVerifyCustomizeAndBulkDownloadModules" time="28.141" classname="TestScripts.Admin">
    <failure type="java.lang.AssertionError" message="expected [true] but found [false]">
      <![CDATA[java.lang.AssertionError: expected [true] but found [false]
at FrameworkLibrary.ReportLibrary.reportEvent(ReportLibrary.java:105)
at ApplicationPages.CustomizePage.setHours(CustomizePage.java:104)
at TestScripts.Admin.ToVerifyCustomizeAndBulkDownloadModules(Admin.java:614)
... Removed 31 stack frames]]>
    </failure>
  </testcase> <!-- ToVerifyCustomizeAndBulkDownloadModules -->
  <testcase name="ToVerifyAccountSettings" time="0.0" classname="TestScripts.MyPreferences">
    <ignored/>
  </testcase> <!-- ToVerifyAccountSettings -->
  <testcase name="@BeforeSuite beforesuite" time="0.0" classname="FrameworkLibrary.BaseClass">
    <ignored/>
  </testcase> <!-- @BeforeSuite beforesuite -->
  <testcase name="@BeforeSuite beforesuite" time="0.0" classname="FrameworkLibrary.BaseClass">
    <ignored/>
  </testcase> <!-- @BeforeSuite beforesuite -->
  <testcase name="@BeforeSuite beforesuite" time="0.0" classname="FrameworkLibrary.BaseClass">
    <ignored/>
  </testcase> <!-- @BeforeSuite beforesuite -->
  <testcase name="@BeforeSuite beforesuite" time="0.0" classname="FrameworkLibrary.BaseClass">
    <ignored/>
  </testcase> <!-- @BeforeSuite beforesuite -->
  <testcase name="@BeforeSuite beforesuite" time="0.0" classname="FrameworkLibrary.BaseClass">
    <ignored/>
  </testcase> <!-- @BeforeSuite beforesuite -->
  <testcase name="@BeforeSuite beforesuite" time="0.0" classname="FrameworkLibrary.BaseClass">
    <ignored/>
  </testcase> <!-- @BeforeSuite beforesuite -->
  <testcase name="@BeforeSuite beforesuite" time="0.0" classname="FrameworkLibrary.BaseClass">
    <ignored/>
  </testcase> <!-- @BeforeSuite beforesuite -->
  <testcase name="@BeforeSuite beforesuite" time="0.0" classname="FrameworkLibrary.BaseClass">
    <ignored/>
  </testcase> <!-- @BeforeSuite beforesuite -->
  <testcase name="@AfterSuite aftersuite" time="0.0" classname="FrameworkLibrary.BaseClass">
    <ignored/>
  </testcase> <!-- @AfterSuite aftersuite -->
  <testcase name="@AfterSuite aftersuite" time="0.0" classname="FrameworkLibrary.BaseClass">
    <ignored/>
  </testcase> <!-- @AfterSuite aftersuite -->
  <testcase name="@AfterSuite aftersuite" time="0.0" classname="FrameworkLibrary.BaseClass">
    <ignored/>
  </testcase> <!-- @AfterSuite aftersuite -->
  <testcase name="@AfterSuite aftersuite" time="0.0" classname="FrameworkLibrary.BaseClass">
    <ignored/>
  </testcase> <!-- @AfterSuite aftersuite -->
  <testcase name="@AfterSuite aftersuite" time="0.0" classname="FrameworkLibrary.BaseClass">
    <ignored/>
  </testcase> <!-- @AfterSuite aftersuite -->
  <testcase name="@AfterSuite aftersuite" time="0.0" classname="FrameworkLibrary.BaseClass">
    <ignored/>
  </testcase> <!-- @AfterSuite aftersuite -->
  <testcase name="@AfterSuite aftersuite" time="0.0" classname="FrameworkLibrary.BaseClass">
    <ignored/>
  </testcase> <!-- @AfterSuite aftersuite -->
  <testcase name="@AfterSuite aftersuite" time="0.0" classname="FrameworkLibrary.BaseClass">
    <ignored/>
  </testcase> <!-- @AfterSuite aftersuite -->
</testsuite> <!-- Test -->
