<!DOCTYPE html PUBLIC "-//W3C//DTD XHTML 1.1//EN" "http://www.w3.org/TR/xhtml11/DTD/xhtml11.dtd">
<html xmlns="http://www.w3.org/1999/xhtml">
<head>
<meta http-equiv="content-type" content="text/html; charset=UTF-8"/>
<title>TestNG Report</title>
<style type="text/css">table {margin-bottom:10px;border-collapse:collapse;empty-cells:show}th,td {border:1px solid #009;padding:.25em .5em}th {vertical-align:bottom}td {vertical-align:top}table a {font-weight:bold}.stripe td {background-color: #E6EBF9}.num {text-align:right}.passedodd td {background-color: #3F3}.passedeven td {background-color: #0A0}.skippedodd td {background-color: #DDD}.skippedeven td {background-color: #CCC}.failedodd td,.attn {background-color: #F33}.failedeven td,.stripe .attn {background-color: #D00}.stacktrace {white-space:pre;font-family:monospace}.totop {font-size:85%;text-align:center;border-bottom:2px solid #000}.invisible {display:none}</style>
</head>
<body>
<table>
<tr><th>Test</th><th># Passed</th><th># Skipped</th><th># Failed</th><th>Time (ms)</th><th>Included Groups</th><th>Excluded Groups</th></tr>
<tr><th colspan="7">Suite</th></tr>
<tr><td><a href="#t0">Test</a></td><td class="num">36</td><td class="num">0</td><td class="num attn">8</td><td class="num">7,364,964</td><td></td><td></td></tr>
</table>
<table id='summary'><thead><tr><th>Class</th><th>Method</th><th>Start</th><th>Time (ms)</th></tr></thead><tbody><tr><th colspan="4">Suite</th></tr></tbody><tbody id="t0"><tr><th colspan="4">Test &#8212; failed</th></tr><tr class="failedeven"><td rowspan="3">TestScripts.Admin</td><td><a href="#m0">AdminCreationAndUpdation</a></td><td rowspan="1">1554208743442</td><td rowspan="1">158378</td></tr><tr class="failedeven"><td><a href="#m1">AllActionsOfLogoCompanySearchAndManagePassword</a></td><td rowspan="1">1554208926578</td><td rowspan="1">53739</td></tr><tr class="failedeven"><td><a href="#m2">ToVerifyCustomizeAndBulkDownloadModules</a></td><td rowspan="1">1554209303530</td><td rowspan="1">28141</td></tr><tr class="failedodd"><td rowspan="1">TestScripts.CreateRequest</td><td><a href="#m3">RequestApprovalProcessWithMultipleSigners</a></td><td rowspan="1">1554202514732</td><td rowspan="1">240765</td></tr><tr class="failedeven"><td rowspan="1">TestScripts.Reports</td><td><a href="#m4">AllActionInMetricsReport</a></td><td rowspan="1">1554206967954</td><td rowspan="1">98421</td></tr><tr class="failedodd"><td rowspan="2">TestScripts.Requests</td><td><a href="#m5">EditRequestAddCustomFieldsUpdatePrivileges</a></td><td rowspan="1">1554206521903</td><td rowspan="1">109896</td></tr><tr class="failedodd"><td><a href="#m6">RequestEditUpdateSendLater</a></td><td rowspan="1">1554206087941</td><td rowspan="1">218814</td></tr><tr class="failedeven"><td rowspan="1">TestScripts.Templates</td><td><a href="#m7">ActivateDeactivateArchiveCopyDeleteTemplate</a></td><td rowspan="1">1554206769251</td><td rowspan="1">68592</td></tr><tr><th colspan="4">Test &#8212; passed</th></tr><tr class="passedeven"><td rowspan="6">TestScripts.Admin</td><td><a href="#m8">CompanyDetailsActivation</a></td><td rowspan="1">1554208537000</td><td rowspan="1">192147</td></tr><tr class="passedeven"><td><a href="#m9">CompanyDetailsUpdation</a></td><td rowspan="1">1554208325458</td><td rowspan="1">195595</td></tr><tr class="passedeven"><td><a href="#m10">ExportAdmin</a></td><td rowspan="1">1554209002093</td><td rowspan="1">94448</td></tr><tr class="passedeven"><td><a href="#m11">GroupCreationScenarios</a></td><td rowspan="1">1554209111238</td><td rowspan="1">59478</td></tr><tr class="passedeven"><td><a href="#m12">GroupMembersUpdationActivateDeactivate</a></td><td rowspan="1">1554209242900</td><td rowspan="1">50204</td></tr><tr class="passedeven"><td><a href="#m13">GroupUpdationActivateDeactivate</a></td><td rowspan="1">1554209181451</td><td rowspan="1">48755</td></tr><tr class="passedodd"><td rowspan="9">TestScripts.CreateRequest</td><td><a href="#m14">CreateRequestSaveToDraft</a></td><td rowspan="1">1554202141250</td><td rowspan="1">120052</td></tr><tr class="passedodd"><td><a href="#m15">GroupRequestApprovalProcess</a></td><td rowspan="1">1554203594824</td><td rowspan="1">247276</td></tr><tr class="passedodd"><td><a href="#m16">GroupRequestApprovalProcessbyUploadingSignersFile</a></td><td rowspan="1">1554204033646</td><td rowspan="1">235733</td></tr><tr class="passedodd"><td><a href="#m17">InPersonRequestCreation</a></td><td rowspan="1">1554203871644</td><td rowspan="1">131686</td></tr><tr class="passedodd"><td><a href="#m18">RequestApprovalProcessWithMultipleDocuments</a></td><td rowspan="1">1554202773615</td><td rowspan="1">183575</td></tr><tr class="passedodd"><td><a href="#m19">RequestApprovalProcessWithSingleSigner</a></td><td rowspan="1">1554202292333</td><td rowspan="1">192021</td></tr><tr class="passedodd"><td><a href="#m20">RequestApprovalProcessWithSupportingDocuments</a></td><td rowspan="1">1554202974254</td><td rowspan="1">124721</td></tr><tr class="passedodd"><td><a href="#m21">RequestAttachmentRequiredAtTheTimeOfApproval</a></td><td rowspan="1">1554203113871</td><td rowspan="1">173871</td></tr><tr class="passedodd"><td><a href="#m22">TemplateCreationActivationAndRequestCreationApprovalProcess</a></td><td rowspan="1">1554203306192</td><td rowspan="1">272081</td></tr><tr class="passedeven"><td rowspan="5">TestScripts.Dashboard</td><td><a href="#m23">ToVerifyAllActionsInArchivedItems</a></td><td rowspan="1">1554205533426</td><td rowspan="1">309030</td></tr><tr class="passedeven"><td><a href="#m24">ToVerifyAllActionsInMySignedItems</a></td><td rowspan="1">1554205229168</td><td rowspan="1">291536</td></tr><tr class="passedeven"><td><a href="#m25">ToVerifyAllActionsInNeedToVerify</a></td><td rowspan="1">1554204797079</td><td rowspan="1">417426</td></tr><tr class="passedeven"><td><a href="#m26">ToVerifyAllActionsInWaitingForOthers</a></td><td rowspan="1">1554204322546</td><td rowspan="1">435122</td></tr><tr class="passedeven"><td><a href="#m27">ToVerifyAllActionsOfInPersonSigning</a></td><td rowspan="1">1554205854411</td><td rowspan="1">214576</td></tr><tr class="passedodd"><td rowspan="1">TestScripts.Login</td><td><a href="#m28">ForgotPasswordAndUserRegistratation</a></td><td rowspan="1">1554202047553</td><td rowspan="1">61879</td></tr><tr class="passedeven"><td rowspan="6">TestScripts.MyPreferences</td><td><a href="#m29">ToUpdatePersonalInformation</a></td><td rowspan="1">1554207827214</td><td rowspan="1">65662</td></tr><tr class="passedeven"><td><a href="#m30">ToVerifyAddressBook</a></td><td rowspan="1">1554208091417</td><td rowspan="1">54642</td></tr><tr class="passedeven"><td><a href="#m31">ToVerifyChangePassword</a></td><td rowspan="1">1554207911533</td><td rowspan="1">31721</td></tr><tr class="passedeven"><td><a href="#m32">ToVerifyIntialfunctionality</a></td><td rowspan="1">1554208032476</td><td rowspan="1">44137</td></tr><tr class="passedeven"><td><a href="#m33">ToVerifyReceivedItems</a></td><td rowspan="1">1554208164072</td><td rowspan="1">144206</td></tr><tr class="passedeven"><td><a href="#m34">ToVerifySignaturefunctionality</a></td><td rowspan="1">1554207960479</td><td rowspan="1">53054</td></tr><tr class="passedodd"><td rowspan="3">TestScripts.Reports</td><td><a href="#m35">AllActionInCustomFieldReport</a></td><td rowspan="1">1554207345783</td><td rowspan="1">46738</td></tr><tr class="passedodd"><td><a href="#m36">AllActionInDetailedReport</a></td><td rowspan="1">1554207083624</td><td rowspan="1">151712</td></tr><tr class="passedodd"><td><a href="#m37">AllActionInSignerReport</a></td><td rowspan="1">1554207249665</td><td rowspan="1">80778</td></tr><tr class="passedeven"><td rowspan="1">TestScripts.Requests</td><td><a href="#m38">RemoveReplaceVoidBypassSigner</a></td><td rowspan="1">1554206325050</td><td rowspan="1">182128</td></tr><tr class="passedodd"><td rowspan="3">TestScripts.SuperAdmin</td><td><a href="#m39">AllActionsOfCompanyModule</a></td><td rowspan="1">1554207407414</td><td rowspan="1">142129</td></tr><tr class="passedodd"><td><a href="#m40">AllActionsOfUserAndCustomizeModule</a></td><td rowspan="1">1554207567528</td><td rowspan="1">199912</td></tr><tr class="passedodd"><td><a href="#m41">UserRegistration</a></td><td rowspan="1">1554207781004</td><td rowspan="1">33224</td></tr><tr class="passedeven"><td rowspan="2">TestScripts.Templates</td><td><a href="#m42">EditUpdateActivateDeactivateDeleteTemplate</a></td><td rowspan="1">1554206650139</td><td rowspan="1">101200</td></tr><tr class="passedeven"><td><a href="#m43">PrintAndDownloadTemplateDocument</a></td><td rowspan="1">1554206851660</td><td rowspan="1">103878</td></tr></tbody>
</table>
<h2>Test</h2><h3 id="m0">TestScripts.Admin#AdminCreationAndUpdation</h3><table class="result"><tr><th>Exception</th></tr><tr><td><div class="stacktrace">org.openqa.selenium.NoSuchElementException: no such element: Unable to locate element: {&quot;method&quot;:&quot;xpath&quot;,&quot;selector&quot;:&quot;//table/tbody/tr/td[2]/div[contains(text(),&apos;admincreation6@automation.com&apos;)]&quot;}
  (Session info: chrome=73.0.3683.86)
  (Driver info: chromedriver=2.41.578737 (49da6702b16031c40d63e5618de03a32ff6c197e),platform=Windows NT 6.3.9600 x86) (WARNING: The server did not provide any stacktrace information)
Command duration or timeout: 0 milliseconds
For documentation on this error, please visit: http://seleniumhq.org/exceptions/no_such_element.html
Build info: version: &apos;3.14.0&apos;, revision: &apos;aacccce0&apos;, time: &apos;2018-08-02T20:19:58.91Z&apos;
System info: host: &apos;IBI115&apos;, ip: &apos;192.168.0.115&apos;, os.name: &apos;Windows 8.1&apos;, os.arch: &apos;x86&apos;, os.version: &apos;6.3&apos;, java.version: &apos;1.8.0_121&apos;
Driver info: org.openqa.selenium.chrome.ChromeDriver
Capabilities {acceptInsecureCerts: false, acceptSslCerts: false, applicationCacheEnabled: false, browserConnectionEnabled: false, browserName: chrome, chrome: {chromedriverVersion: 2.41.578737 (49da6702b16031..., userDataDir: C:\Users\SHRAVA~1\AppData\L...}, cssSelectorsEnabled: true, databaseEnabled: false, goog:chromeOptions: {debuggerAddress: localhost:49349}, handlesAlerts: true, hasTouchScreen: false, javascriptEnabled: true, locationContextEnabled: true, mobileEmulationEnabled: false, nativeEvents: true, networkConnectionEnabled: false, pageLoadStrategy: normal, platform: XP, platformName: XP, rotatable: false, setWindowRect: true, takesHeapSnapshot: true, takesScreenshot: true, unexpectedAlertBehaviour: , unhandledPromptBehavior: , version: 73.0.3683.86, webStorageEnabled: true}
Session ID: e267dc3ee28e9e7f9b690a1cc7c00dbb
*** Element info: {Using=xpath, value=//table/tbody/tr/td[2]/div[contains(text(),&apos;admincreation6@automation.com&apos;)]}
	at org.openqa.selenium.remote.ErrorHandler.createThrowable(ErrorHandler.java:214)
	at org.openqa.selenium.remote.ErrorHandler.throwIfResponseFailed(ErrorHandler.java:166)
	at org.openqa.selenium.remote.http.JsonHttpResponseCodec.reconstructValue(JsonHttpResponseCodec.java:40)
	at org.openqa.selenium.remote.http.AbstractHttpResponseCodec.decode(AbstractHttpResponseCodec.java:80)
	at org.openqa.selenium.remote.http.AbstractHttpResponseCodec.decode(AbstractHttpResponseCodec.java:44)
	at org.openqa.selenium.remote.HttpCommandExecutor.execute(HttpCommandExecutor.java:158)
	at org.openqa.selenium.remote.service.DriverCommandExecutor.execute(DriverCommandExecutor.java:83)
	at org.openqa.selenium.remote.RemoteWebDriver.execute(RemoteWebDriver.java:548)
	at org.openqa.selenium.remote.RemoteWebDriver.findElement(RemoteWebDriver.java:322)
	at org.openqa.selenium.remote.RemoteWebDriver.findElementByXPath(RemoteWebDriver.java:424)
	at org.openqa.selenium.By$ByXPath.findElement(By.java:353)
	at org.openqa.selenium.remote.RemoteWebDriver.findElement(RemoteWebDriver.java:314)
	at TestScripts.Admin.AdminCreationAndUpdation(Admin.java:211)
... Removed 29 stack frames</div></td></tr></table><p class="totop"><a href="#summary">back to summary</a></p>
<h3 id="m1">TestScripts.Admin#AllActionsOfLogoCompanySearchAndManagePassword</h3><table class="result"><tr><th>Exception</th></tr><tr><td><div class="stacktrace">java.lang.AssertionError: expected [true] but found [false]
	at FrameworkLibrary.ReportLibrary.reportEvent(ReportLibrary.java:105)
	at ApplicationPages.SACompanyPage.clickonAcceptBtn(SACompanyPage.java:317)
	at TestScripts.Admin.AllActionsOfLogoCompanySearchAndManagePassword(Admin.java:256)
... Removed 31 stack frames</div></td></tr></table><p class="totop"><a href="#summary">back to summary</a></p>
<h3 id="m2">TestScripts.Admin#ToVerifyCustomizeAndBulkDownloadModules</h3><table class="result"><tr><th>Exception</th></tr><tr><td><div class="stacktrace">java.lang.AssertionError: expected [true] but found [false]
	at FrameworkLibrary.ReportLibrary.reportEvent(ReportLibrary.java:105)
	at ApplicationPages.CustomizePage.setHours(CustomizePage.java:104)
	at TestScripts.Admin.ToVerifyCustomizeAndBulkDownloadModules(Admin.java:614)
... Removed 31 stack frames</div></td></tr></table><p class="totop"><a href="#summary">back to summary</a></p>
<h3 id="m3">TestScripts.CreateRequest#RequestApprovalProcessWithMultipleSigners</h3><table class="result"><tr><th>Exception</th></tr><tr><td><div class="stacktrace">java.lang.AssertionError: expected [true] but found [false]
	at FrameworkLibrary.ReportLibrary.reportEvent(ReportLibrary.java:90)
	at ApplicationPages.HomePage.clickonNeedToSign(HomePage.java:274)
	at TestScripts.CreateRequest.RequestApprovalProcessWithMultipleSigners(CreateRequest.java:333)
... Removed 31 stack frames</div></td></tr></table><p class="totop"><a href="#summary">back to summary</a></p>
<h3 id="m4">TestScripts.Reports#AllActionInMetricsReport</h3><table class="result"><tr><th>Exception</th></tr><tr><td><div class="stacktrace">java.lang.AssertionError: expected [true] but found [false]
	at FrameworkLibrary.ReportLibrary.reportEvent(ReportLibrary.java:105)
	at ApplicationPages.ReportsPage.clickonEditIcon(ReportsPage.java:177)
	at TestScripts.Reports.AllActionInMetricsReport(Reports.java:50)
... Removed 31 stack frames</div></td></tr></table><p class="totop"><a href="#summary">back to summary</a></p>
<h3 id="m5">TestScripts.Requests#EditRequestAddCustomFieldsUpdatePrivileges</h3><table class="result"><tr><th>Exception</th></tr><tr><td><div class="stacktrace">org.openqa.selenium.NoSuchElementException: no such element: Unable to locate element: {&quot;method&quot;:&quot;xpath&quot;,&quot;selector&quot;:&quot;//table/tbody/tr/td[2][contains(text(),&apos;Leave Type&apos;)]/following-sibling::td[6]/a[1]&quot;}
  (Session info: chrome=73.0.3683.86)
  (Driver info: chromedriver=2.41.578737 (49da6702b16031c40d63e5618de03a32ff6c197e),platform=Windows NT 6.3.9600 x86) (WARNING: The server did not provide any stacktrace information)
Command duration or timeout: 0 milliseconds
For documentation on this error, please visit: http://seleniumhq.org/exceptions/no_such_element.html
Build info: version: &apos;3.14.0&apos;, revision: &apos;aacccce0&apos;, time: &apos;2018-08-02T20:19:58.91Z&apos;
System info: host: &apos;IBI115&apos;, ip: &apos;192.168.0.115&apos;, os.name: &apos;Windows 8.1&apos;, os.arch: &apos;x86&apos;, os.version: &apos;6.3&apos;, java.version: &apos;1.8.0_121&apos;
Driver info: org.openqa.selenium.chrome.ChromeDriver
Capabilities {acceptInsecureCerts: false, acceptSslCerts: false, applicationCacheEnabled: false, browserConnectionEnabled: false, browserName: chrome, chrome: {chromedriverVersion: 2.41.578737 (49da6702b16031..., userDataDir: C:\Users\SHRAVA~1\AppData\L...}, cssSelectorsEnabled: true, databaseEnabled: false, goog:chromeOptions: {debuggerAddress: localhost:63000}, handlesAlerts: true, hasTouchScreen: false, javascriptEnabled: true, locationContextEnabled: true, mobileEmulationEnabled: false, nativeEvents: true, networkConnectionEnabled: false, pageLoadStrategy: normal, platform: XP, platformName: XP, rotatable: false, setWindowRect: true, takesHeapSnapshot: true, takesScreenshot: true, unexpectedAlertBehaviour: , unhandledPromptBehavior: , version: 73.0.3683.86, webStorageEnabled: true}
Session ID: 6d723391c7f5b0c4e3e67026e7543c00
*** Element info: {Using=xpath, value=//table/tbody/tr/td[2][contains(text(),&apos;Leave Type&apos;)]/following-sibling::td[6]/a[1]}
	at org.openqa.selenium.remote.ErrorHandler.createThrowable(ErrorHandler.java:214)
	at org.openqa.selenium.remote.ErrorHandler.throwIfResponseFailed(ErrorHandler.java:166)
	at org.openqa.selenium.remote.http.JsonHttpResponseCodec.reconstructValue(JsonHttpResponseCodec.java:40)
	at org.openqa.selenium.remote.http.AbstractHttpResponseCodec.decode(AbstractHttpResponseCodec.java:80)
	at org.openqa.selenium.remote.http.AbstractHttpResponseCodec.decode(AbstractHttpResponseCodec.java:44)
	at org.openqa.selenium.remote.HttpCommandExecutor.execute(HttpCommandExecutor.java:158)
	at org.openqa.selenium.remote.service.DriverCommandExecutor.execute(DriverCommandExecutor.java:83)
	at org.openqa.selenium.remote.RemoteWebDriver.execute(RemoteWebDriver.java:548)
	at org.openqa.selenium.remote.RemoteWebDriver.findElement(RemoteWebDriver.java:322)
	at org.openqa.selenium.remote.RemoteWebDriver.findElementByXPath(RemoteWebDriver.java:424)
	at org.openqa.selenium.By$ByXPath.findElement(By.java:353)
	at org.openqa.selenium.remote.RemoteWebDriver.findElement(RemoteWebDriver.java:314)
	at TestScripts.Requests.EditRequestAddCustomFieldsUpdatePrivileges(Requests.java:782)
... Removed 29 stack frames</div></td></tr></table><p class="totop"><a href="#summary">back to summary</a></p>
<h3 id="m6">TestScripts.Requests#RequestEditUpdateSendLater</h3><table class="result"><tr><th>Exception</th></tr><tr><td><div class="stacktrace">org.openqa.selenium.NoSuchElementException: no such element: Unable to locate element: {&quot;method&quot;:&quot;xpath&quot;,&quot;selector&quot;:&quot;//div[@class=&apos;mainhead&apos;]/div[1]/span[contains(text(),&apos;All  Requests&apos;)]&quot;}
  (Session info: chrome=73.0.3683.86)
  (Driver info: chromedriver=2.41.578737 (49da6702b16031c40d63e5618de03a32ff6c197e),platform=Windows NT 6.3.9600 x86) (WARNING: The server did not provide any stacktrace information)
Command duration or timeout: 0 milliseconds
For documentation on this error, please visit: http://seleniumhq.org/exceptions/no_such_element.html
Build info: version: &apos;3.14.0&apos;, revision: &apos;aacccce0&apos;, time: &apos;2018-08-02T20:19:58.91Z&apos;
System info: host: &apos;IBI115&apos;, ip: &apos;192.168.0.115&apos;, os.name: &apos;Windows 8.1&apos;, os.arch: &apos;x86&apos;, os.version: &apos;6.3&apos;, java.version: &apos;1.8.0_121&apos;
Driver info: org.openqa.selenium.chrome.ChromeDriver
Capabilities {acceptInsecureCerts: false, acceptSslCerts: false, applicationCacheEnabled: false, browserConnectionEnabled: false, browserName: chrome, chrome: {chromedriverVersion: 2.41.578737 (49da6702b16031..., userDataDir: C:\Users\SHRAVA~1\AppData\L...}, cssSelectorsEnabled: true, databaseEnabled: false, goog:chromeOptions: {debuggerAddress: localhost:62518}, handlesAlerts: true, hasTouchScreen: false, javascriptEnabled: true, locationContextEnabled: true, mobileEmulationEnabled: false, nativeEvents: true, networkConnectionEnabled: false, pageLoadStrategy: normal, platform: XP, platformName: XP, rotatable: false, setWindowRect: true, takesHeapSnapshot: true, takesScreenshot: true, unexpectedAlertBehaviour: , unhandledPromptBehavior: , version: 73.0.3683.86, webStorageEnabled: true}
Session ID: e78d80de2ceabf4ad721c14cbfdd81d1
*** Element info: {Using=xpath, value=//div[@class=&apos;mainhead&apos;]/div[1]/span[contains(text(),&apos;All  Requests&apos;)]}
	at org.openqa.selenium.remote.ErrorHandler.createThrowable(ErrorHandler.java:214)
	at org.openqa.selenium.remote.ErrorHandler.throwIfResponseFailed(ErrorHandler.java:166)
	at org.openqa.selenium.remote.http.JsonHttpResponseCodec.reconstructValue(JsonHttpResponseCodec.java:40)
	at org.openqa.selenium.remote.http.AbstractHttpResponseCodec.decode(AbstractHttpResponseCodec.java:80)
	at org.openqa.selenium.remote.http.AbstractHttpResponseCodec.decode(AbstractHttpResponseCodec.java:44)
	at org.openqa.selenium.remote.HttpCommandExecutor.execute(HttpCommandExecutor.java:158)
	at org.openqa.selenium.remote.service.DriverCommandExecutor.execute(DriverCommandExecutor.java:83)
	at org.openqa.selenium.remote.RemoteWebDriver.execute(RemoteWebDriver.java:548)
	at org.openqa.selenium.remote.RemoteWebDriver.findElement(RemoteWebDriver.java:322)
	at org.openqa.selenium.remote.RemoteWebDriver.findElementByXPath(RemoteWebDriver.java:424)
	at org.openqa.selenium.By$ByXPath.findElement(By.java:353)
	at org.openqa.selenium.remote.RemoteWebDriver.findElement(RemoteWebDriver.java:314)
	at org.openqa.selenium.support.pagefactory.DefaultElementLocator.findElement(DefaultElementLocator.java:69)
	at org.openqa.selenium.support.pagefactory.internal.LocatingElementHandler.invoke(LocatingElementHandler.java:38)
	at com.sun.proxy.$Proxy12.isDisplayed(Unknown Source)
	at TestScripts.Requests.RequestEditUpdateSendLater(Requests.java:114)
... Removed 29 stack frames</div></td></tr></table><p class="totop"><a href="#summary">back to summary</a></p>
<h3 id="m7">TestScripts.Templates#ActivateDeactivateArchiveCopyDeleteTemplate</h3><table class="result"><tr><th>Exception</th></tr><tr><td><div class="stacktrace">java.lang.AssertionError: expected [true] but found [false]
	at FrameworkLibrary.ReportLibrary.reportEvent(ReportLibrary.java:90)
	at ApplicationPages.HomePage.clickonTemplatesMenu(HomePage.java:190)
	at TestScripts.Templates.ActivateDeactivateArchiveCopyDeleteTemplate(Templates.java:157)
... Removed 31 stack frames</div></td></tr></table><p class="totop"><a href="#summary">back to summary</a></p>
<h3 id="m8">TestScripts.Admin#CompanyDetailsActivation</h3><table class="result"><tr><th class="invisible"/></tr></table><p class="totop"><a href="#summary">back to summary</a></p>
<h3 id="m9">TestScripts.Admin#CompanyDetailsUpdation</h3><table class="result"><tr><th class="invisible"/></tr></table><p class="totop"><a href="#summary">back to summary</a></p>
<h3 id="m10">TestScripts.Admin#ExportAdmin</h3><table class="result"><tr><th class="invisible"/></tr></table><p class="totop"><a href="#summary">back to summary</a></p>
<h3 id="m11">TestScripts.Admin#GroupCreationScenarios</h3><table class="result"><tr><th class="invisible"/></tr></table><p class="totop"><a href="#summary">back to summary</a></p>
<h3 id="m12">TestScripts.Admin#GroupMembersUpdationActivateDeactivate</h3><table class="result"><tr><th class="invisible"/></tr></table><p class="totop"><a href="#summary">back to summary</a></p>
<h3 id="m13">TestScripts.Admin#GroupUpdationActivateDeactivate</h3><table class="result"><tr><th class="invisible"/></tr></table><p class="totop"><a href="#summary">back to summary</a></p>
<h3 id="m14">TestScripts.CreateRequest#CreateRequestSaveToDraft</h3><table class="result"><tr><th class="invisible"/></tr></table><p class="totop"><a href="#summary">back to summary</a></p>
<h3 id="m15">TestScripts.CreateRequest#GroupRequestApprovalProcess</h3><table class="result"><tr><th class="invisible"/></tr></table><p class="totop"><a href="#summary">back to summary</a></p>
<h3 id="m16">TestScripts.CreateRequest#GroupRequestApprovalProcessbyUploadingSignersFile</h3><table class="result"><tr><th class="invisible"/></tr></table><p class="totop"><a href="#summary">back to summary</a></p>
<h3 id="m17">TestScripts.CreateRequest#InPersonRequestCreation</h3><table class="result"><tr><th class="invisible"/></tr></table><p class="totop"><a href="#summary">back to summary</a></p>
<h3 id="m18">TestScripts.CreateRequest#RequestApprovalProcessWithMultipleDocuments</h3><table class="result"><tr><th class="invisible"/></tr></table><p class="totop"><a href="#summary">back to summary</a></p>
<h3 id="m19">TestScripts.CreateRequest#RequestApprovalProcessWithSingleSigner</h3><table class="result"><tr><th class="invisible"/></tr></table><p class="totop"><a href="#summary">back to summary</a></p>
<h3 id="m20">TestScripts.CreateRequest#RequestApprovalProcessWithSupportingDocuments</h3><table class="result"><tr><th class="invisible"/></tr></table><p class="totop"><a href="#summary">back to summary</a></p>
<h3 id="m21">TestScripts.CreateRequest#RequestAttachmentRequiredAtTheTimeOfApproval</h3><table class="result"><tr><th class="invisible"/></tr></table><p class="totop"><a href="#summary">back to summary</a></p>
<h3 id="m22">TestScripts.CreateRequest#TemplateCreationActivationAndRequestCreationApprovalProcess</h3><table class="result"><tr><th class="invisible"/></tr></table><p class="totop"><a href="#summary">back to summary</a></p>
<h3 id="m23">TestScripts.Dashboard#ToVerifyAllActionsInArchivedItems</h3><table class="result"><tr><th class="invisible"/></tr></table><p class="totop"><a href="#summary">back to summary</a></p>
<h3 id="m24">TestScripts.Dashboard#ToVerifyAllActionsInMySignedItems</h3><table class="result"><tr><th class="invisible"/></tr></table><p class="totop"><a href="#summary">back to summary</a></p>
<h3 id="m25">TestScripts.Dashboard#ToVerifyAllActionsInNeedToVerify</h3><table class="result"><tr><th class="invisible"/></tr></table><p class="totop"><a href="#summary">back to summary</a></p>
<h3 id="m26">TestScripts.Dashboard#ToVerifyAllActionsInWaitingForOthers</h3><table class="result"><tr><th class="invisible"/></tr></table><p class="totop"><a href="#summary">back to summary</a></p>
<h3 id="m27">TestScripts.Dashboard#ToVerifyAllActionsOfInPersonSigning</h3><table class="result"><tr><th class="invisible"/></tr></table><p class="totop"><a href="#summary">back to summary</a></p>
<h3 id="m28">TestScripts.Login#ForgotPasswordAndUserRegistratation</h3><table class="result"><tr><th class="invisible"/></tr></table><p class="totop"><a href="#summary">back to summary</a></p>
<h3 id="m29">TestScripts.MyPreferences#ToUpdatePersonalInformation</h3><table class="result"><tr><th class="invisible"/></tr></table><p class="totop"><a href="#summary">back to summary</a></p>
<h3 id="m30">TestScripts.MyPreferences#ToVerifyAddressBook</h3><table class="result"><tr><th class="invisible"/></tr></table><p class="totop"><a href="#summary">back to summary</a></p>
<h3 id="m31">TestScripts.MyPreferences#ToVerifyChangePassword</h3><table class="result"><tr><th class="invisible"/></tr></table><p class="totop"><a href="#summary">back to summary</a></p>
<h3 id="m32">TestScripts.MyPreferences#ToVerifyIntialfunctionality</h3><table class="result"><tr><th class="invisible"/></tr></table><p class="totop"><a href="#summary">back to summary</a></p>
<h3 id="m33">TestScripts.MyPreferences#ToVerifyReceivedItems</h3><table class="result"><tr><th class="invisible"/></tr></table><p class="totop"><a href="#summary">back to summary</a></p>
<h3 id="m34">TestScripts.MyPreferences#ToVerifySignaturefunctionality</h3><table class="result"><tr><th class="invisible"/></tr></table><p class="totop"><a href="#summary">back to summary</a></p>
<h3 id="m35">TestScripts.Reports#AllActionInCustomFieldReport</h3><table class="result"><tr><th class="invisible"/></tr></table><p class="totop"><a href="#summary">back to summary</a></p>
<h3 id="m36">TestScripts.Reports#AllActionInDetailedReport</h3><table class="result"><tr><th class="invisible"/></tr></table><p class="totop"><a href="#summary">back to summary</a></p>
<h3 id="m37">TestScripts.Reports#AllActionInSignerReport</h3><table class="result"><tr><th class="invisible"/></tr></table><p class="totop"><a href="#summary">back to summary</a></p>
<h3 id="m38">TestScripts.Requests#RemoveReplaceVoidBypassSigner</h3><table class="result"><tr><th class="invisible"/></tr></table><p class="totop"><a href="#summary">back to summary</a></p>
<h3 id="m39">TestScripts.SuperAdmin#AllActionsOfCompanyModule</h3><table class="result"><tr><th class="invisible"/></tr></table><p class="totop"><a href="#summary">back to summary</a></p>
<h3 id="m40">TestScripts.SuperAdmin#AllActionsOfUserAndCustomizeModule</h3><table class="result"><tr><th class="invisible"/></tr></table><p class="totop"><a href="#summary">back to summary</a></p>
<h3 id="m41">TestScripts.SuperAdmin#UserRegistration</h3><table class="result"><tr><th class="invisible"/></tr></table><p class="totop"><a href="#summary">back to summary</a></p>
<h3 id="m42">TestScripts.Templates#EditUpdateActivateDeactivateDeleteTemplate</h3><table class="result"><tr><th class="invisible"/></tr></table><p class="totop"><a href="#summary">back to summary</a></p>
<h3 id="m43">TestScripts.Templates#PrintAndDownloadTemplateDocument</h3><table class="result"><tr><th class="invisible"/></tr></table><p class="totop"><a href="#summary">back to summary</a></p>
</body>
</html>
